<?xml version="1.0" encoding="UTF-8"?>
<!-- Generated by org.testng.reporters.JUnitReportReporter -->
<testsuite skipped="0" hostname="USER-PC" name="MavenFromEclipse.SeleniumMavenDemoFromEclipse.MavenFirstTest" tests="2" failures="0" timestamp="15 Apr 2020 06:03:28 GMT" time="0.027" errors="0">
  <testcase name="method2" time="0.005" classname="MavenFromEclipse.SeleniumMavenDemoFromEclipse.MavenFirstTest"/>
  <testcase name="method1" time="0.022" classname="MavenFromEclipse.SeleniumMavenDemoFromEclipse.MavenFirstTest"/>
</testsuite> <!-- MavenFromEclipse.SeleniumMavenDemoFromEclipse.MavenFirstTest -->
