<?xml version="1.0" encoding="UTF-8"?>
<!-- Generated by org.testng.reporters.JUnitReportReporter -->
<testsuite skipped="0" hostname="USER-PC" name="MavenFromEclipse.SeleniumMavenDemoFromEclipse.MavenSecondTest" tests="2" failures="0" timestamp="07 Apr 2020 12:05:02 GMT" time="0.008" errors="0">
  <testcase name="method3" time="0.004" classname="MavenFromEclipse.SeleniumMavenDemoFromEclipse.MavenSecondTest"/>
  <testcase name="method4" time="0.004" classname="MavenFromEclipse.SeleniumMavenDemoFromEclipse.MavenSecondTest"/>
</testsuite> <!-- MavenFromEclipse.SeleniumMavenDemoFromEclipse.MavenSecondTest -->
