<?xml version="1.0" encoding="UTF-8"?>
<!-- Generated by org.testng.reporters.JUnitReportReporter -->
<testsuite skipped="0" hostname="USER-PC" name="MavenFromEclipse.SeleniumMavenDemoFromEclipse.MavenThirdTest" tests="2" failures="0" timestamp="07 Apr 2020 12:05:02 GMT" time="0.007" errors="0">
  <testcase name="method6" time="0.003" classname="MavenFromEclipse.SeleniumMavenDemoFromEclipse.MavenThirdTest"/>
  <testcase name="method5" time="0.004" classname="MavenFromEclipse.SeleniumMavenDemoFromEclipse.MavenThirdTest"/>
</testsuite> <!-- MavenFromEclipse.SeleniumMavenDemoFromEclipse.MavenThirdTest -->
