<?xml version="1.0" encoding="UTF-8"?>
<!-- Generated by org.testng.reporters.JUnitReportReporter -->
<testsuite skipped="0" hostname="USER-PC" name="MavenFromEclipse.SeleniumMavenDemoFromEclipse.MavenFourthTest" tests="2" failures="0" timestamp="07 Apr 2020 12:05:02 GMT" time="0.043" errors="0">
  <testcase name="method7" time="0.032" classname="MavenFromEclipse.SeleniumMavenDemoFromEclipse.MavenFourthTest"/>
  <testcase name="method8" time="0.011" classname="MavenFromEclipse.SeleniumMavenDemoFromEclipse.MavenFourthTest"/>
</testsuite> <!-- MavenFromEclipse.SeleniumMavenDemoFromEclipse.MavenFourthTest -->
