<?xml version="1.0" encoding="UTF-8"?>
<!-- Generated by org.testng.reporters.JUnitReportReporter -->
<testsuite skipped="0" hostname="USER-PC" name="MavenFromEclipse.SeleniumMavenDemoFromEclipse.MavenThirdTest" tests="2" failures="0" timestamp="2020-04-13T20:28:24 IST" time="0.002" errors="0">
  <testcase name="method6" time="0.001" classname="MavenFromEclipse.SeleniumMavenDemoFromEclipse.MavenThirdTest"/>
  <testcase name="method5" time="0.001" classname="MavenFromEclipse.SeleniumMavenDemoFromEclipse.MavenThirdTest"/>
</testsuite> <!-- MavenFromEclipse.SeleniumMavenDemoFromEclipse.MavenThirdTest -->
