<?xml version="1.0" encoding="UTF-8"?>
<!-- Generated by org.testng.reporters.JUnitReportReporter -->
<testsuite skipped="0" hostname="USER-PC" name="MavenFromEclipse.SeleniumMavenDemoFromEclipse.MavenFirstTest" tests="2" failures="0" timestamp="2020-04-13T20:28:24 IST" time="0.001" errors="0">
  <testcase name="method1" time="0.001" classname="MavenFromEclipse.SeleniumMavenDemoFromEclipse.MavenFirstTest"/>
  <testcase name="method2" time="0.000" classname="MavenFromEclipse.SeleniumMavenDemoFromEclipse.MavenFirstTest"/>
</testsuite> <!-- MavenFromEclipse.SeleniumMavenDemoFromEclipse.MavenFirstTest -->
