<?xml version="1.0" encoding="UTF-8"?>
<!-- Generated by org.testng.reporters.JUnitReportReporter -->
<testsuite skipped="0" hostname="USER-PC" name="MavenFromEclipse.SeleniumMavenDemoFromEclipse.MavenSecondTest" tests="2" failures="0" timestamp="2020-04-13T20:28:24 IST" time="0.002" errors="0">
  <testcase name="method4" time="0.001" classname="MavenFromEclipse.SeleniumMavenDemoFromEclipse.MavenSecondTest"/>
  <testcase name="method3" time="0.001" classname="MavenFromEclipse.SeleniumMavenDemoFromEclipse.MavenSecondTest"/>
</testsuite> <!-- MavenFromEclipse.SeleniumMavenDemoFromEclipse.MavenSecondTest -->
