<?xml version="1.0" encoding="UTF-8"?>
<!-- Generated by org.testng.reporters.JUnitReportReporter -->
<testsuite skipped="0" hostname="USER-PC" name="MavenFromEclipse.SeleniumMavenDemoFromEclipse.MavenFourthTest" tests="2" failures="0" timestamp="2020-04-13T20:28:24 IST" time="0.017" errors="0">
  <testcase name="method8" time="0.000" classname="MavenFromEclipse.SeleniumMavenDemoFromEclipse.MavenFourthTest"/>
  <testcase name="method7" time="0.017" classname="MavenFromEclipse.SeleniumMavenDemoFromEclipse.MavenFourthTest"/>
</testsuite> <!-- MavenFromEclipse.SeleniumMavenDemoFromEclipse.MavenFourthTest -->
